<?xml version="1.0" encoding="UTF-8"?>
<testng-results ignored="0" total="35" passed="35" failed="0" skipped="0">
  <reporter-output>
  </reporter-output>
  <suite started-at="2026-01-15T02:04:25 EST" name="Default suite" finished-at="2026-01-15T02:06:32 EST" duration-ms="126880">
    <groups>
      <group name="cucumber">
        <method signature="AbstractTestNGCucumberTests.runScenario(io.cucumber.testng.PickleWrapper,io.cucumber.testng.FeatureWrapper)[pri:0, instance:com.securebank.runner.TestRunner@65e98b1c]" name="runScenario" class="io.cucumber.testng.AbstractTestNGCucumberTests"/>
      </group> <!-- cucumber -->
    </groups>
    <test started-at="2026-01-15T02:04:25 EST" name="Default test" finished-at="2026-01-15T02:06:32 EST" duration-ms="126880">
      <class name="com.securebank.runner.TestRunner">
        <test-method is-config="true" signature="setUpClass(org.testng.ITestContext)[pri:0, instance:com.securebank.runner.TestRunner@65e98b1c]" started-at="2026-01-15T02:04:25 EST" name="setUpClass" finished-at="2026-01-15T02:04:26 EST" duration-ms="742" status="PASS">
          <params>
            <param index="0">
              <value>
                <![CDATA[org.testng.TestRunner@407956a5]]>
              </value>
            </param>
          </params>
          <reporter-output>
          </reporter-output>
        </test-method> <!-- setUpClass -->
        <test-method signature="runScenario(io.cucumber.testng.PickleWrapper,io.cucumber.testng.FeatureWrapper)[pri:0, instance:com.securebank.runner.TestRunner@65e98b1c]" started-at="2026-01-15T02:04:26 EST" name="runScenario" description="Runs Cucumber Scenarios" data-provider="scenarios" finished-at="2026-01-15T02:04:30 EST" duration-ms="4236" status="PASS">
          <params>
            <param index="0">
              <value>
                <![CDATA["Navigate to dashboard and verify balances"]]>
              </value>
            </param>
            <param index="1">
              <value>
                <![CDATA["Dashboard navigation"]]>
              </value>
            </param>
          </params>
          <reporter-output>
          </reporter-output>
        </test-method> <!-- runScenario -->
        <test-method signature="runScenario(io.cucumber.testng.PickleWrapper,io.cucumber.testng.FeatureWrapper)[pri:0, instance:com.securebank.runner.TestRunner@65e98b1c]" started-at="2026-01-15T02:04:30 EST" name="runScenario" description="Runs Cucumber Scenarios" data-provider="scenarios" finished-at="2026-01-15T02:04:33 EST" duration-ms="2775" status="PASS">
          <params>
            <param index="0">
              <value>
                <![CDATA["Valid login"]]>
              </value>
            </param>
            <param index="1">
              <value>
                <![CDATA["Login functionality"]]>
              </value>
            </param>
          </params>
          <reporter-output>
          </reporter-output>
        </test-method> <!-- runScenario -->
        <test-method signature="runScenario(io.cucumber.testng.PickleWrapper,io.cucumber.testng.FeatureWrapper)[pri:0, instance:com.securebank.runner.TestRunner@65e98b1c]" started-at="2026-01-15T02:04:33 EST" name="runScenario" description="Runs Cucumber Scenarios" data-provider="scenarios" finished-at="2026-01-15T02:04:36 EST" duration-ms="2678" status="PASS">
          <params>
            <param index="0">
              <value>
                <![CDATA["Valid login"]]>
              </value>
            </param>
            <param index="1">
              <value>
                <![CDATA["Login functionality"]]>
              </value>
            </param>
          </params>
          <reporter-output>
          </reporter-output>
        </test-method> <!-- runScenario -->
        <test-method signature="runScenario(io.cucumber.testng.PickleWrapper,io.cucumber.testng.FeatureWrapper)[pri:0, instance:com.securebank.runner.TestRunner@65e98b1c]" started-at="2026-01-15T02:04:36 EST" name="runScenario" description="Runs Cucumber Scenarios" data-provider="scenarios" finished-at="2026-01-15T02:04:38 EST" duration-ms="2027" status="PASS">
          <params>
            <param index="0">
              <value>
                <![CDATA["Invalid login"]]>
              </value>
            </param>
            <param index="1">
              <value>
                <![CDATA["Login functionality"]]>
              </value>
            </param>
          </params>
          <reporter-output>
          </reporter-output>
        </test-method> <!-- runScenario -->
        <test-method signature="runScenario(io.cucumber.testng.PickleWrapper,io.cucumber.testng.FeatureWrapper)[pri:0, instance:com.securebank.runner.TestRunner@65e98b1c]" started-at="2026-01-15T02:04:38 EST" name="runScenario" description="Runs Cucumber Scenarios" data-provider="scenarios" finished-at="2026-01-15T02:04:40 EST" duration-ms="2288" status="PASS">
          <params>
            <param index="0">
              <value>
                <![CDATA["Empty username"]]>
              </value>
            </param>
            <param index="1">
              <value>
                <![CDATA["Login functionality"]]>
              </value>
            </param>
          </params>
          <reporter-output>
          </reporter-output>
        </test-method> <!-- runScenario -->
        <test-method signature="runScenario(io.cucumber.testng.PickleWrapper,io.cucumber.testng.FeatureWrapper)[pri:0, instance:com.securebank.runner.TestRunner@65e98b1c]" started-at="2026-01-15T02:04:40 EST" name="runScenario" description="Runs Cucumber Scenarios" data-provider="scenarios" finished-at="2026-01-15T02:04:42 EST" duration-ms="2024" status="PASS">
          <params>
            <param index="0">
              <value>
                <![CDATA["Empty password"]]>
              </value>
            </param>
            <param index="1">
              <value>
                <![CDATA["Login functionality"]]>
              </value>
            </param>
          </params>
          <reporter-output>
          </reporter-output>
        </test-method> <!-- runScenario -->
        <test-method signature="runScenario(io.cucumber.testng.PickleWrapper,io.cucumber.testng.FeatureWrapper)[pri:0, instance:com.securebank.runner.TestRunner@65e98b1c]" started-at="2026-01-15T02:04:42 EST" name="runScenario" description="Runs Cucumber Scenarios" data-provider="scenarios" finished-at="2026-01-15T02:04:44 EST" duration-ms="2081" status="PASS">
          <params>
            <param index="0">
              <value>
                <![CDATA["Empty username and password"]]>
              </value>
            </param>
            <param index="1">
              <value>
                <![CDATA["Login functionality"]]>
              </value>
            </param>
          </params>
          <reporter-output>
          </reporter-output>
        </test-method> <!-- runScenario -->
        <test-method signature="runScenario(io.cucumber.testng.PickleWrapper,io.cucumber.testng.FeatureWrapper)[pri:0, instance:com.securebank.runner.TestRunner@65e98b1c]" started-at="2026-01-15T02:04:44 EST" name="runScenario" description="Runs Cucumber Scenarios" data-provider="scenarios" finished-at="2026-01-15T02:04:47 EST" duration-ms="2867" status="PASS">
          <params>
            <param index="0">
              <value>
                <![CDATA["Logout"]]>
              </value>
            </param>
            <param index="1">
              <value>
                <![CDATA["Login functionality"]]>
              </value>
            </param>
          </params>
          <reporter-output>
          </reporter-output>
        </test-method> <!-- runScenario -->
        <test-method signature="runScenario(io.cucumber.testng.PickleWrapper,io.cucumber.testng.FeatureWrapper)[pri:0, instance:com.securebank.runner.TestRunner@65e98b1c]" started-at="2026-01-15T02:04:47 EST" name="runScenario" description="Runs Cucumber Scenarios" data-provider="scenarios" finished-at="2026-01-15T02:04:51 EST" duration-ms="3367" status="PASS">
          <params>
            <param index="0">
              <value>
                <![CDATA["View default profile for John Doe"]]>
              </value>
            </param>
            <param index="1">
              <value>
                <![CDATA["View default profile information"]]>
              </value>
            </param>
          </params>
          <reporter-output>
          </reporter-output>
        </test-method> <!-- runScenario -->
        <test-method signature="runScenario(io.cucumber.testng.PickleWrapper,io.cucumber.testng.FeatureWrapper)[pri:0, instance:com.securebank.runner.TestRunner@65e98b1c]" started-at="2026-01-15T02:04:51 EST" name="runScenario" description="Runs Cucumber Scenarios" data-provider="scenarios" finished-at="2026-01-15T02:04:53 EST" duration-ms="2959" status="PASS">
          <params>
            <param index="0">
              <value>
                <![CDATA["View default profile for Jane Smith"]]>
              </value>
            </param>
            <param index="1">
              <value>
                <![CDATA["View default profile information"]]>
              </value>
            </param>
          </params>
          <reporter-output>
          </reporter-output>
        </test-method> <!-- runScenario -->
        <test-method signature="runScenario(io.cucumber.testng.PickleWrapper,io.cucumber.testng.FeatureWrapper)[pri:0, instance:com.securebank.runner.TestRunner@65e98b1c]" started-at="2026-01-15T02:04:53 EST" name="runScenario" description="Runs Cucumber Scenarios" data-provider="scenarios" finished-at="2026-01-15T02:04:57 EST" duration-ms="3495" status="PASS">
          <params>
            <param index="0">
              <value>
                <![CDATA["Filter by Account"]]>
              </value>
            </param>
            <param index="1">
              <value>
                <![CDATA["Filter transactions"]]>
              </value>
            </param>
          </params>
          <reporter-output>
          </reporter-output>
        </test-method> <!-- runScenario -->
        <test-method signature="runScenario(io.cucumber.testng.PickleWrapper,io.cucumber.testng.FeatureWrapper)[pri:0, instance:com.securebank.runner.TestRunner@65e98b1c]" started-at="2026-01-15T02:04:57 EST" name="runScenario" description="Runs Cucumber Scenarios" data-provider="scenarios" finished-at="2026-01-15T02:05:01 EST" duration-ms="3814" status="PASS">
          <params>
            <param index="0">
              <value>
                <![CDATA["Filter by Account"]]>
              </value>
            </param>
            <param index="1">
              <value>
                <![CDATA["Filter transactions"]]>
              </value>
            </param>
          </params>
          <reporter-output>
          </reporter-output>
        </test-method> <!-- runScenario -->
        <test-method signature="runScenario(io.cucumber.testng.PickleWrapper,io.cucumber.testng.FeatureWrapper)[pri:0, instance:com.securebank.runner.TestRunner@65e98b1c]" started-at="2026-01-15T02:05:01 EST" name="runScenario" description="Runs Cucumber Scenarios" data-provider="scenarios" finished-at="2026-01-15T02:05:04 EST" duration-ms="3202" status="PASS">
          <params>
            <param index="0">
              <value>
                <![CDATA["Filter by Account"]]>
              </value>
            </param>
            <param index="1">
              <value>
                <![CDATA["Filter transactions"]]>
              </value>
            </param>
          </params>
          <reporter-output>
          </reporter-output>
        </test-method> <!-- runScenario -->
        <test-method signature="runScenario(io.cucumber.testng.PickleWrapper,io.cucumber.testng.FeatureWrapper)[pri:0, instance:com.securebank.runner.TestRunner@65e98b1c]" started-at="2026-01-15T02:05:04 EST" name="runScenario" description="Runs Cucumber Scenarios" data-provider="scenarios" finished-at="2026-01-15T02:05:07 EST" duration-ms="3381" status="PASS">
          <params>
            <param index="0">
              <value>
                <![CDATA["Filter by Type"]]>
              </value>
            </param>
            <param index="1">
              <value>
                <![CDATA["Filter transactions"]]>
              </value>
            </param>
          </params>
          <reporter-output>
          </reporter-output>
        </test-method> <!-- runScenario -->
        <test-method signature="runScenario(io.cucumber.testng.PickleWrapper,io.cucumber.testng.FeatureWrapper)[pri:0, instance:com.securebank.runner.TestRunner@65e98b1c]" started-at="2026-01-15T02:05:07 EST" name="runScenario" description="Runs Cucumber Scenarios" data-provider="scenarios" finished-at="2026-01-15T02:05:11 EST" duration-ms="3196" status="PASS">
          <params>
            <param index="0">
              <value>
                <![CDATA["Filter by Type"]]>
              </value>
            </param>
            <param index="1">
              <value>
                <![CDATA["Filter transactions"]]>
              </value>
            </param>
          </params>
          <reporter-output>
          </reporter-output>
        </test-method> <!-- runScenario -->
        <test-method signature="runScenario(io.cucumber.testng.PickleWrapper,io.cucumber.testng.FeatureWrapper)[pri:0, instance:com.securebank.runner.TestRunner@65e98b1c]" started-at="2026-01-15T02:05:11 EST" name="runScenario" description="Runs Cucumber Scenarios" data-provider="scenarios" finished-at="2026-01-15T02:05:14 EST" duration-ms="3886" status="PASS">
          <params>
            <param index="0">
              <value>
                <![CDATA["Filter by Type"]]>
              </value>
            </param>
            <param index="1">
              <value>
                <![CDATA["Filter transactions"]]>
              </value>
            </param>
          </params>
          <reporter-output>
          </reporter-output>
        </test-method> <!-- runScenario -->
        <test-method signature="runScenario(io.cucumber.testng.PickleWrapper,io.cucumber.testng.FeatureWrapper)[pri:0, instance:com.securebank.runner.TestRunner@65e98b1c]" started-at="2026-01-15T02:05:14 EST" name="runScenario" description="Runs Cucumber Scenarios" data-provider="scenarios" finished-at="2026-01-15T02:05:18 EST" duration-ms="3552" status="PASS">
          <params>
            <param index="0">
              <value>
                <![CDATA["Filter by Type"]]>
              </value>
            </param>
            <param index="1">
              <value>
                <![CDATA["Filter transactions"]]>
              </value>
            </param>
          </params>
          <reporter-output>
          </reporter-output>
        </test-method> <!-- runScenario -->
        <test-method signature="runScenario(io.cucumber.testng.PickleWrapper,io.cucumber.testng.FeatureWrapper)[pri:0, instance:com.securebank.runner.TestRunner@65e98b1c]" started-at="2026-01-15T02:05:18 EST" name="runScenario" description="Runs Cucumber Scenarios" data-provider="scenarios" finished-at="2026-01-15T02:05:22 EST" duration-ms="4200" status="PASS">
          <params>
            <param index="0">
              <value>
                <![CDATA["Filter by Date Range"]]>
              </value>
            </param>
            <param index="1">
              <value>
                <![CDATA["Filter transactions"]]>
              </value>
            </param>
          </params>
          <reporter-output>
          </reporter-output>
        </test-method> <!-- runScenario -->
        <test-method signature="runScenario(io.cucumber.testng.PickleWrapper,io.cucumber.testng.FeatureWrapper)[pri:0, instance:com.securebank.runner.TestRunner@65e98b1c]" started-at="2026-01-15T02:05:22 EST" name="runScenario" description="Runs Cucumber Scenarios" data-provider="scenarios" finished-at="2026-01-15T02:05:26 EST" duration-ms="3577" status="PASS">
          <params>
            <param index="0">
              <value>
                <![CDATA["Filter by Account and Type"]]>
              </value>
            </param>
            <param index="1">
              <value>
                <![CDATA["Filter transactions"]]>
              </value>
            </param>
          </params>
          <reporter-output>
          </reporter-output>
        </test-method> <!-- runScenario -->
        <test-method signature="runScenario(io.cucumber.testng.PickleWrapper,io.cucumber.testng.FeatureWrapper)[pri:0, instance:com.securebank.runner.TestRunner@65e98b1c]" started-at="2026-01-15T02:05:26 EST" name="runScenario" description="Runs Cucumber Scenarios" data-provider="scenarios" finished-at="2026-01-15T02:05:29 EST" duration-ms="3622" status="PASS">
          <params>
            <param index="0">
              <value>
                <![CDATA["No Results Found"]]>
              </value>
            </param>
            <param index="1">
              <value>
                <![CDATA["Filter transactions"]]>
              </value>
            </param>
          </params>
          <reporter-output>
          </reporter-output>
        </test-method> <!-- runScenario -->
        <test-method signature="runScenario(io.cucumber.testng.PickleWrapper,io.cucumber.testng.FeatureWrapper)[pri:0, instance:com.securebank.runner.TestRunner@65e98b1c]" started-at="2026-01-15T02:05:29 EST" name="runScenario" description="Runs Cucumber Scenarios" data-provider="scenarios" finished-at="2026-01-15T02:05:33 EST" duration-ms="3855" status="PASS">
          <params>
            <param index="0">
              <value>
                <![CDATA["Reset Filters"]]>
              </value>
            </param>
            <param index="1">
              <value>
                <![CDATA["Filter transactions"]]>
              </value>
            </param>
          </params>
          <reporter-output>
          </reporter-output>
        </test-method> <!-- runScenario -->
        <test-method signature="runScenario(io.cucumber.testng.PickleWrapper,io.cucumber.testng.FeatureWrapper)[pri:0, instance:com.securebank.runner.TestRunner@65e98b1c]" started-at="2026-01-15T02:05:33 EST" name="runScenario" description="Runs Cucumber Scenarios" data-provider="scenarios" finished-at="2026-01-15T02:05:37 EST" duration-ms="3670" status="PASS">
          <params>
            <param index="0">
              <value>
                <![CDATA["Pagination of Transactions"]]>
              </value>
            </param>
            <param index="1">
              <value>
                <![CDATA["Filter transactions"]]>
              </value>
            </param>
          </params>
          <reporter-output>
          </reporter-output>
        </test-method> <!-- runScenario -->
        <test-method signature="runScenario(io.cucumber.testng.PickleWrapper,io.cucumber.testng.FeatureWrapper)[pri:0, instance:com.securebank.runner.TestRunner@65e98b1c]" started-at="2026-01-15T02:05:37 EST" name="runScenario" description="Runs Cucumber Scenarios" data-provider="scenarios" finished-at="2026-01-15T02:05:43 EST" duration-ms="6014" status="PASS">
          <params>
            <param index="0">
              <value>
                <![CDATA["Transfer money between accounts"]]>
              </value>
            </param>
            <param index="1">
              <value>
                <![CDATA["Transfer money between accounts"]]>
              </value>
            </param>
          </params>
          <reporter-output>
          </reporter-output>
        </test-method> <!-- runScenario -->
        <test-method signature="runScenario(io.cucumber.testng.PickleWrapper,io.cucumber.testng.FeatureWrapper)[pri:0, instance:com.securebank.runner.TestRunner@65e98b1c]" started-at="2026-01-15T02:05:43 EST" name="runScenario" description="Runs Cucumber Scenarios" data-provider="scenarios" finished-at="2026-01-15T02:05:49 EST" duration-ms="5558" status="PASS">
          <params>
            <param index="0">
              <value>
                <![CDATA["Transfer money between accounts"]]>
              </value>
            </param>
            <param index="1">
              <value>
                <![CDATA["Transfer money between accounts"]]>
              </value>
            </param>
          </params>
          <reporter-output>
          </reporter-output>
        </test-method> <!-- runScenario -->
        <test-method signature="runScenario(io.cucumber.testng.PickleWrapper,io.cucumber.testng.FeatureWrapper)[pri:0, instance:com.securebank.runner.TestRunner@65e98b1c]" started-at="2026-01-15T02:05:49 EST" name="runScenario" description="Runs Cucumber Scenarios" data-provider="scenarios" finished-at="2026-01-15T02:05:54 EST" duration-ms="5047" status="PASS">
          <params>
            <param index="0">
              <value>
                <![CDATA["Transfer money between accounts"]]>
              </value>
            </param>
            <param index="1">
              <value>
                <![CDATA["Transfer money between accounts"]]>
              </value>
            </param>
          </params>
          <reporter-output>
          </reporter-output>
        </test-method> <!-- runScenario -->
        <test-method signature="runScenario(io.cucumber.testng.PickleWrapper,io.cucumber.testng.FeatureWrapper)[pri:0, instance:com.securebank.runner.TestRunner@65e98b1c]" started-at="2026-01-15T02:05:54 EST" name="runScenario" description="Runs Cucumber Scenarios" data-provider="scenarios" finished-at="2026-01-15T02:05:59 EST" duration-ms="5146" status="PASS">
          <params>
            <param index="0">
              <value>
                <![CDATA["Transfer money between accounts"]]>
              </value>
            </param>
            <param index="1">
              <value>
                <![CDATA["Transfer money between accounts"]]>
              </value>
            </param>
          </params>
          <reporter-output>
          </reporter-output>
        </test-method> <!-- runScenario -->
        <test-method signature="runScenario(io.cucumber.testng.PickleWrapper,io.cucumber.testng.FeatureWrapper)[pri:0, instance:com.securebank.runner.TestRunner@65e98b1c]" started-at="2026-01-15T02:05:59 EST" name="runScenario" description="Runs Cucumber Scenarios" data-provider="scenarios" finished-at="2026-01-15T02:06:04 EST" duration-ms="5348" status="PASS">
          <params>
            <param index="0">
              <value>
                <![CDATA["Transfer money between accounts"]]>
              </value>
            </param>
            <param index="1">
              <value>
                <![CDATA["Transfer money between accounts"]]>
              </value>
            </param>
          </params>
          <reporter-output>
          </reporter-output>
        </test-method> <!-- runScenario -->
        <test-method signature="runScenario(io.cucumber.testng.PickleWrapper,io.cucumber.testng.FeatureWrapper)[pri:0, instance:com.securebank.runner.TestRunner@65e98b1c]" started-at="2026-01-15T02:06:04 EST" name="runScenario" description="Runs Cucumber Scenarios" data-provider="scenarios" finished-at="2026-01-15T02:06:07 EST" duration-ms="3042" status="PASS">
          <params>
            <param index="0">
              <value>
                <![CDATA["No From Account selected"]]>
              </value>
            </param>
            <param index="1">
              <value>
                <![CDATA["Transfer money between accounts"]]>
              </value>
            </param>
          </params>
          <reporter-output>
          </reporter-output>
        </test-method> <!-- runScenario -->
        <test-method signature="runScenario(io.cucumber.testng.PickleWrapper,io.cucumber.testng.FeatureWrapper)[pri:0, instance:com.securebank.runner.TestRunner@65e98b1c]" started-at="2026-01-15T02:06:07 EST" name="runScenario" description="Runs Cucumber Scenarios" data-provider="scenarios" finished-at="2026-01-15T02:06:10 EST" duration-ms="3092" status="PASS">
          <params>
            <param index="0">
              <value>
                <![CDATA["No To Account selected"]]>
              </value>
            </param>
            <param index="1">
              <value>
                <![CDATA["Transfer money between accounts"]]>
              </value>
            </param>
          </params>
          <reporter-output>
          </reporter-output>
        </test-method> <!-- runScenario -->
        <test-method signature="runScenario(io.cucumber.testng.PickleWrapper,io.cucumber.testng.FeatureWrapper)[pri:0, instance:com.securebank.runner.TestRunner@65e98b1c]" started-at="2026-01-15T02:06:10 EST" name="runScenario" description="Runs Cucumber Scenarios" data-provider="scenarios" finished-at="2026-01-15T02:06:14 EST" duration-ms="3365" status="PASS">
          <params>
            <param index="0">
              <value>
                <![CDATA["Same account selected"]]>
              </value>
            </param>
            <param index="1">
              <value>
                <![CDATA["Transfer money between accounts"]]>
              </value>
            </param>
          </params>
          <reporter-output>
          </reporter-output>
        </test-method> <!-- runScenario -->
        <test-method signature="runScenario(io.cucumber.testng.PickleWrapper,io.cucumber.testng.FeatureWrapper)[pri:0, instance:com.securebank.runner.TestRunner@65e98b1c]" started-at="2026-01-15T02:06:14 EST" name="runScenario" description="Runs Cucumber Scenarios" data-provider="scenarios" finished-at="2026-01-15T02:06:17 EST" duration-ms="3431" status="PASS">
          <params>
            <param index="0">
              <value>
                <![CDATA["Same account selected"]]>
              </value>
            </param>
            <param index="1">
              <value>
                <![CDATA["Transfer money between accounts"]]>
              </value>
            </param>
          </params>
          <reporter-output>
          </reporter-output>
        </test-method> <!-- runScenario -->
        <test-method signature="runScenario(io.cucumber.testng.PickleWrapper,io.cucumber.testng.FeatureWrapper)[pri:0, instance:com.securebank.runner.TestRunner@65e98b1c]" started-at="2026-01-15T02:06:17 EST" name="runScenario" description="Runs Cucumber Scenarios" data-provider="scenarios" finished-at="2026-01-15T02:06:21 EST" duration-ms="3858" status="PASS">
          <params>
            <param index="0">
              <value>
                <![CDATA["Amount not entered"]]>
              </value>
            </param>
            <param index="1">
              <value>
                <![CDATA["Transfer money between accounts"]]>
              </value>
            </param>
          </params>
          <reporter-output>
          </reporter-output>
        </test-method> <!-- runScenario -->
        <test-method signature="runScenario(io.cucumber.testng.PickleWrapper,io.cucumber.testng.FeatureWrapper)[pri:0, instance:com.securebank.runner.TestRunner@65e98b1c]" started-at="2026-01-15T02:06:21 EST" name="runScenario" description="Runs Cucumber Scenarios" data-provider="scenarios" finished-at="2026-01-15T02:06:25 EST" duration-ms="4001" status="PASS">
          <params>
            <param index="0">
              <value>
                <![CDATA["Amount is zero or negative"]]>
              </value>
            </param>
            <param index="1">
              <value>
                <![CDATA["Transfer money between accounts"]]>
              </value>
            </param>
          </params>
          <reporter-output>
          </reporter-output>
        </test-method> <!-- runScenario -->
        <test-method signature="runScenario(io.cucumber.testng.PickleWrapper,io.cucumber.testng.FeatureWrapper)[pri:0, instance:com.securebank.runner.TestRunner@65e98b1c]" started-at="2026-01-15T02:06:25 EST" name="runScenario" description="Runs Cucumber Scenarios" data-provider="scenarios" finished-at="2026-01-15T02:06:28 EST" duration-ms="3512" status="PASS">
          <params>
            <param index="0">
              <value>
                <![CDATA["Amount exceeds available balance"]]>
              </value>
            </param>
            <param index="1">
              <value>
                <![CDATA["Transfer money between accounts"]]>
              </value>
            </param>
          </params>
          <reporter-output>
          </reporter-output>
        </test-method> <!-- runScenario -->
        <test-method signature="runScenario(io.cucumber.testng.PickleWrapper,io.cucumber.testng.FeatureWrapper)[pri:0, instance:com.securebank.runner.TestRunner@65e98b1c]" started-at="2026-01-15T02:06:28 EST" name="runScenario" description="Runs Cucumber Scenarios" data-provider="scenarios" finished-at="2026-01-15T02:06:32 EST" duration-ms="3876" status="PASS">
          <params>
            <param index="0">
              <value>
                <![CDATA["Clear form"]]>
              </value>
            </param>
            <param index="1">
              <value>
                <![CDATA["Transfer money between accounts"]]>
              </value>
            </param>
          </params>
          <reporter-output>
          </reporter-output>
        </test-method> <!-- runScenario -->
        <test-method is-config="true" signature="tearDownClass()[pri:0, instance:com.securebank.runner.TestRunner@65e98b1c]" started-at="2026-01-15T02:06:32 EST" name="tearDownClass" finished-at="2026-01-15T02:06:32 EST" duration-ms="11" status="PASS">
          <reporter-output>
          </reporter-output>
        </test-method> <!-- tearDownClass -->
      </class> <!-- com.securebank.runner.TestRunner -->
    </test> <!-- Default test -->
  </suite> <!-- Default suite -->
</testng-results>
