<?xml version="1.0" encoding="UTF-8"?>
<!-- Generated by org.testng.reporters.JUnitReportReporter -->
<testsuite hostname="LAPTOP-K1P7D130" failures="0" tests="7" name="com.securebank.runner.TestRunner" time="14.742" errors="0" timestamp="2026-01-15T19:42:09 EST" skipped="0">
  <testcase classname="com.securebank.runner.TestRunner" name="runScenario" time="2.300"/>
  <testcase classname="com.securebank.runner.TestRunner" name="runScenario" time="1.777"/>
  <testcase classname="com.securebank.runner.TestRunner" name="runScenario" time="2.421"/>
  <testcase classname="com.securebank.runner.TestRunner" name="runScenario" time="1.684"/>
  <testcase classname="com.securebank.runner.TestRunner" name="runScenario" time="3.000"/>
  <testcase classname="com.securebank.runner.TestRunner" name="runScenario" time="1.853"/>
  <testcase classname="com.securebank.runner.TestRunner" name="runScenario" time="1.707"/>
</testsuite> <!-- com.securebank.runner.TestRunner -->
