<?xml version="1.0" encoding="UTF-8"?>
<!-- Generated by org.testng.reporters.JUnitReportReporter -->
<testsuite hostname="LAPTOP-K1P7D130" failures="0" tests="35" name="com.securebank.runner.TestRunner" time="126.042" errors="0" timestamp="2026-01-15T02:06:32 EST" skipped="0">
  <testcase classname="com.securebank.runner.TestRunner" name="runScenario" time="5.047"/>
  <testcase classname="com.securebank.runner.TestRunner" name="runScenario" time="5.146"/>
  <testcase classname="com.securebank.runner.TestRunner" name="runScenario" time="3.196"/>
  <testcase classname="com.securebank.runner.TestRunner" name="runScenario" time="3.855"/>
  <testcase classname="com.securebank.runner.TestRunner" name="runScenario" time="3.365"/>
  <testcase classname="com.securebank.runner.TestRunner" name="runScenario" time="3.552"/>
  <testcase classname="com.securebank.runner.TestRunner" name="runScenario" time="3.431"/>
  <testcase classname="com.securebank.runner.TestRunner" name="runScenario" time="2.775"/>
  <testcase classname="com.securebank.runner.TestRunner" name="runScenario" time="3.495"/>
  <testcase classname="com.securebank.runner.TestRunner" name="runScenario" time="3.876"/>
  <testcase classname="com.securebank.runner.TestRunner" name="runScenario" time="4.236"/>
  <testcase classname="com.securebank.runner.TestRunner" name="runScenario" time="3.814"/>
  <testcase classname="com.securebank.runner.TestRunner" name="runScenario" time="2.081"/>
  <testcase classname="com.securebank.runner.TestRunner" name="runScenario" time="2.027"/>
  <testcase classname="com.securebank.runner.TestRunner" name="runScenario" time="3.622"/>
  <testcase classname="com.securebank.runner.TestRunner" name="runScenario" time="5.558"/>
  <testcase classname="com.securebank.runner.TestRunner" name="runScenario" time="2.959"/>
  <testcase classname="com.securebank.runner.TestRunner" name="runScenario" time="5.348"/>
  <testcase classname="com.securebank.runner.TestRunner" name="runScenario" time="4.001"/>
  <testcase classname="com.securebank.runner.TestRunner" name="runScenario" time="6.014"/>
  <testcase classname="com.securebank.runner.TestRunner" name="runScenario" time="3.858"/>
  <testcase classname="com.securebank.runner.TestRunner" name="runScenario" time="3.381"/>
  <testcase classname="com.securebank.runner.TestRunner" name="runScenario" time="2.678"/>
  <testcase classname="com.securebank.runner.TestRunner" name="runScenario" time="3.886"/>
  <testcase classname="com.securebank.runner.TestRunner" name="runScenario" time="2.024"/>
  <testcase classname="com.securebank.runner.TestRunner" name="runScenario" time="3.512"/>
  <testcase classname="com.securebank.runner.TestRunner" name="runScenario" time="3.577"/>
  <testcase classname="com.securebank.runner.TestRunner" name="runScenario" time="3.092"/>
  <testcase classname="com.securebank.runner.TestRunner" name="runScenario" time="2.867"/>
  <testcase classname="com.securebank.runner.TestRunner" name="runScenario" time="3.202"/>
  <testcase classname="com.securebank.runner.TestRunner" name="runScenario" time="3.367"/>
  <testcase classname="com.securebank.runner.TestRunner" name="runScenario" time="3.670"/>
  <testcase classname="com.securebank.runner.TestRunner" name="runScenario" time="3.042"/>
  <testcase classname="com.securebank.runner.TestRunner" name="runScenario" time="2.288"/>
  <testcase classname="com.securebank.runner.TestRunner" name="runScenario" time="4.200"/>
</testsuite> <!-- com.securebank.runner.TestRunner -->
